<?xml version="1.0" encoding="UTF-8"?>
<!-- Generated by org.testng.reporters.JUnitReportReporter -->
<testsuite hostname="ADMIN-PC" name="tests.MyTests" tests="3" failures="0" timestamp="12 Aug 2018 17:26:39 GMT" time="69.239" errors="0">
  <testcase name="Test4" time="38.387" classname="tests.MyTests"/>
  <testcase name="Test2" time="21.688" classname="tests.MyTests"/>
  <testcase name="Test1" time="9.164" classname="tests.MyTests"/>
</testsuite> <!-- tests.MyTests -->
